f:\ood projects\codeanalyzerex\codeanalyzerex\codeanalyzerex\analyzer\x64\debug\vc140.pdb
f:\ood projects\codeanalyzerex\codeanalyzerex\codeanalyzerex\analyzer\x64\debug\vc140.idb
f:\ood projects\codeanalyzerex\codeanalyzerex\codeanalyzerex\analyzer\x64\debug\abstrsyntree.obj
f:\ood projects\codeanalyzerex\codeanalyzerex\codeanalyzerex\analyzer\x64\debug\filemgr.obj
f:\ood projects\codeanalyzerex\codeanalyzerex\codeanalyzerex\analyzer\x64\debug\filesystem.obj
f:\ood projects\codeanalyzerex\codeanalyzerex\codeanalyzerex\analyzer\x64\debug\grammarhelpers.obj
f:\ood projects\codeanalyzerex\codeanalyzerex\codeanalyzerex\analyzer\x64\debug\logger.obj
f:\ood projects\codeanalyzerex\codeanalyzerex\codeanalyzerex\analyzer\x64\debug\actionsandrules.obj
f:\ood projects\codeanalyzerex\codeanalyzerex\codeanalyzerex\analyzer\x64\debug\configureparser.obj
f:\ood projects\codeanalyzerex\codeanalyzerex\codeanalyzerex\analyzer\x64\debug\parser.obj
f:\ood projects\codeanalyzerex\codeanalyzerex\codeanalyzerex\analyzer\x64\debug\scopestack.obj
f:\ood projects\codeanalyzerex\codeanalyzerex\codeanalyzerex\analyzer\x64\debug\semiexp.obj
f:\ood projects\codeanalyzerex\codeanalyzerex\codeanalyzerex\analyzer\x64\debug\tokenizer.obj
f:\ood projects\codeanalyzerex\codeanalyzerex\codeanalyzerex\analyzer\x64\debug\utilities.obj
f:\ood projects\codeanalyzerex\codeanalyzerex\codeanalyzerex\analyzer\x64\debug\depanal.obj
f:\ood projects\codeanalyzerex\codeanalyzerex\codeanalyzerex\analyzer\x64\debug\executive.obj
f:\ood projects\codeanalyzerex\codeanalyzerex\codeanalyzerex\x64\debug\codeanalyzer.ilk
f:\ood projects\codeanalyzerex\codeanalyzerex\codeanalyzerex\x64\debug\codeanalyzer.exe
f:\ood projects\codeanalyzerex\codeanalyzerex\codeanalyzerex\x64\debug\codeanalyzer.pdb
f:\ood projects\codeanalyzerex\codeanalyzerex\codeanalyzerex\analyzer\x64\debug\codeanalyzer.tlog\cl.command.1.tlog
f:\ood projects\codeanalyzerex\codeanalyzerex\codeanalyzerex\analyzer\x64\debug\codeanalyzer.tlog\cl.read.1.tlog
f:\ood projects\codeanalyzerex\codeanalyzerex\codeanalyzerex\analyzer\x64\debug\codeanalyzer.tlog\cl.write.1.tlog
f:\ood projects\codeanalyzerex\codeanalyzerex\codeanalyzerex\analyzer\x64\debug\codeanalyzer.tlog\link.command.1.tlog
f:\ood projects\codeanalyzerex\codeanalyzerex\codeanalyzerex\analyzer\x64\debug\codeanalyzer.tlog\link.read.1.tlog
f:\ood projects\codeanalyzerex\codeanalyzerex\codeanalyzerex\analyzer\x64\debug\codeanalyzer.tlog\link.write.1.tlog
